<?xml version="1.0" encoding="UTF-8"?>
<testsuite xmlns:xsi="http://www.w3.org/2001/XMLSchema-instance" xsi:noNamespaceSchemaLocation="https://maven.apache.org/surefire/maven-surefire-plugin/xsd/surefire-test-report-3.0.xsd" version="3.0" name="PracticeProblemTest" time="0.246" tests="21" errors="0" skipped="0" failures="21">
  <properties>
[...]
</properties>
  <testcase name="oddSumTest1" classname="PracticeProblemTest" time="0.137">
    <failure message="Something weird happened" type="org.opentest4j.AssertionFailedError">org.opentest4j.AssertionFailedError: Something weird happened
	at PracticeProblemTest.oddSumTest1(PracticeProblemTest.java:195)
</failure>
    <system-err><![CDATA[Feb 19, 2025 11:29:57 PM org.junit.jupiter.engine.descriptor.DisplayNameUtils determineDisplayName
WARNING: Configuration error: @DisplayName on [void PracticeProblemTest.oddSumTest1()] must be declared with a non-empty value.
Feb 19, 2025 11:29:57 PM org.junit.jupiter.engine.descriptor.DisplayNameUtils determineDisplayName
WARNING: Configuration error: @DisplayName on [void PracticeProblemTest.oddSumTest2()] must be declared with a non-empty value.
Feb 19, 2025 11:29:57 PM org.junit.jupiter.engine.descriptor.DisplayNameUtils determineDisplayName
WARNING: Configuration error: @DisplayName on [void PracticeProblemTest.oddSumTest3()] must be declared with a non-empty value.
Feb 19, 2025 11:29:57 PM org.junit.jupiter.engine.descriptor.DisplayNameUtils determineDisplayName
WARNING: Configuration error: @DisplayName on [void PracticeProblemTest.oddSumTest4()] must be declared with a non-empty value.
Feb 19, 2025 11:29:57 PM org.junit.jupiter.engine.descriptor.DisplayNameUtils determineDisplayName
WARNING: Configuration error: @DisplayName on [void PracticeProblemTest.oddSumTest5()] must be declared with a non-empty value.
Feb 19, 2025 11:29:57 PM org.junit.jupiter.engine.descriptor.DisplayNameUtils determineDisplayName
WARNING: Configuration error: @DisplayName on [void PracticeProblemTest.oddSumTest6()] must be declared with a non-empty value.
Feb 19, 2025 11:29:57 PM org.junit.jupiter.engine.descriptor.DisplayNameUtils determineDisplayName
WARNING: Configuration error: @DisplayName on [void PracticeProblemTest.oddSumTest7()] must be declared with a non-empty value.
Feb 19, 2025 11:29:57 PM org.junit.jupiter.engine.descriptor.DisplayNameUtils determineDisplayName
WARNING: Configuration error: @DisplayName on [void PracticeProblemTest.oddSumTest8()] must be declared with a non-empty value.
Feb 19, 2025 11:29:57 PM org.junit.jupiter.engine.descriptor.DisplayNameUtils determineDisplayName
WARNING: Configuration error: @DisplayName on [void PracticeProblemTest.oddSumTest9()] must be declared with a non-empty value.
Feb 19, 2025 11:29:57 PM org.junit.jupiter.engine.descriptor.DisplayNameUtils determineDisplayName
WARNING: Configuration error: @DisplayName on [void PracticeProblemTest.oddSumTest10()] must be declared with a non-empty value.
Feb 19, 2025 11:29:57 PM org.junit.jupiter.engine.descriptor.DisplayNameUtils determineDisplayName
WARNING: Configuration error: @DisplayName on [void PracticeProblemTest.letterToFiveTest2()] must be declared with a non-empty value.
Feb 19, 2025 11:29:57 PM org.junit.jupiter.engine.descriptor.DisplayNameUtils determineDisplayName
WARNING: Configuration error: @DisplayName on [void PracticeProblemTest.countLetterTest1()] must be declared with a non-empty value.
Feb 19, 2025 11:29:57 PM org.junit.jupiter.engine.descriptor.DisplayNameUtils determineDisplayName
WARNING: Configuration error: @DisplayName on [void PracticeProblemTest.countLetterTest2()] must be declared with a non-empty value.
Feb 19, 2025 11:29:57 PM org.junit.jupiter.engine.descriptor.DisplayNameUtils determineDisplayName
WARNING: Configuration error: @DisplayName on [void PracticeProblemTest.countLetterTest3()] must be declared with a non-empty value.
Feb 19, 2025 11:29:57 PM org.junit.jupiter.engine.descriptor.DisplayNameUtils determineDisplayName
WARNING: Configuration error: @DisplayName on [void PracticeProblemTest.countLetterTest4()] must be declared with a non-empty value.
Feb 19, 2025 11:29:57 PM org.junit.jupiter.engine.descriptor.DisplayNameUtils determineDisplayName
WARNING: Configuration error: @DisplayName on [void PracticeProblemTest.countLetterTest5()] must be declared with a non-empty value.
Feb 19, 2025 11:29:57 PM org.junit.jupiter.engine.descriptor.DisplayNameUtils determineDisplayName
WARNING: Configuration error: @DisplayName on [void PracticeProblemTest.countLetterTest6()] must be declared with a non-empty value.
Feb 19, 2025 11:29:57 PM org.junit.jupiter.engine.descriptor.DisplayNameUtils determineDisplayName
WARNING: Configuration error: @DisplayName on [void PracticeProblemTest.lettersToFiveTest1()] must be declared with a non-empty value.
Feb 19, 2025 11:29:57 PM org.junit.jupiter.engine.descriptor.DisplayNameUtils determineDisplayName
WARNING: Configuration error: @DisplayName on [void PracticeProblemTest.lettersToFiveTest3()] must be declared with a non-empty value.
Feb 19, 2025 11:29:57 PM org.junit.jupiter.engine.descriptor.DisplayNameUtils determineDisplayName
WARNING: Configuration error: @DisplayName on [void PracticeProblemTest.lettersToFiveTest4()] must be declared with a non-empty value.
Feb 19, 2025 11:29:57 PM org.junit.jupiter.engine.descriptor.DisplayNameUtils determineDisplayName
WARNING: Configuration error: @DisplayName on [void PracticeProblemTest.lettersToFiveTest5()] must be declared with a non-empty value.
Feb 19, 2025 11:29:57 PM org.junit.jupiter.engine.descriptor.DisplayNameUtils determineDisplayName
WARNING: Configuration error: @DisplayName on [void PracticeProblemTest.oddSumTest1()] must be declared with a non-empty value.
Feb 19, 2025 11:29:57 PM org.junit.jupiter.engine.descriptor.DisplayNameUtils determineDisplayName
WARNING: Configuration error: @DisplayName on [void PracticeProblemTest.oddSumTest2()] must be declared with a non-empty value.
Feb 19, 2025 11:29:57 PM org.junit.jupiter.engine.descriptor.DisplayNameUtils determineDisplayName
WARNING: Configuration error: @DisplayName on [void PracticeProblemTest.oddSumTest3()] must be declared with a non-empty value.
Feb 19, 2025 11:29:57 PM org.junit.jupiter.engine.descriptor.DisplayNameUtils determineDisplayName
WARNING: Configuration error: @DisplayName on [void PracticeProblemTest.oddSumTest4()] must be declared with a non-empty value.
Feb 19, 2025 11:29:57 PM org.junit.jupiter.engine.descriptor.DisplayNameUtils determineDisplayName
WARNING: Configuration error: @DisplayName on [void PracticeProblemTest.oddSumTest5()] must be declared with a non-empty value.
Feb 19, 2025 11:29:58 PM org.junit.jupiter.engine.descriptor.DisplayNameUtils determineDisplayName
WARNING: Configuration error: @DisplayName on [void PracticeProblemTest.oddSumTest6()] must be declared with a non-empty value.
Feb 19, 2025 11:29:58 PM org.junit.jupiter.engine.descriptor.DisplayNameUtils determineDisplayName
WARNING: Configuration error: @DisplayName on [void PracticeProblemTest.oddSumTest7()] must be declared with a non-empty value.
Feb 19, 2025 11:29:58 PM org.junit.jupiter.engine.descriptor.DisplayNameUtils determineDisplayName
WARNING: Configuration error: @DisplayName on [void PracticeProblemTest.oddSumTest8()] must be declared with a non-empty value.
Feb 19, 2025 11:29:58 PM org.junit.jupiter.engine.descriptor.DisplayNameUtils determineDisplayName
WARNING: Configuration error: @DisplayName on [void PracticeProblemTest.oddSumTest9()] must be declared with a non-empty value.
Feb 19, 2025 11:29:58 PM org.junit.jupiter.engine.descriptor.DisplayNameUtils determineDisplayName
WARNING: Configuration error: @DisplayName on [void PracticeProblemTest.oddSumTest10()] must be declared with a non-empty value.
Feb 19, 2025 11:29:58 PM org.junit.jupiter.engine.descriptor.DisplayNameUtils determineDisplayName
WARNING: Configuration error: @DisplayName on [void PracticeProblemTest.letterToFiveTest2()] must be declared with a non-empty value.
Feb 19, 2025 11:29:58 PM org.junit.jupiter.engine.descriptor.DisplayNameUtils determineDisplayName
WARNING: Configuration error: @DisplayName on [void PracticeProblemTest.countLetterTest1()] must be declared with a non-empty value.
Feb 19, 2025 11:29:58 PM org.junit.jupiter.engine.descriptor.DisplayNameUtils determineDisplayName
WARNING: Configuration error: @DisplayName on [void PracticeProblemTest.countLetterTest2()] must be declared with a non-empty value.
Feb 19, 2025 11:29:58 PM org.junit.jupiter.engine.descriptor.DisplayNameUtils determineDisplayName
WARNING: Configuration error: @DisplayName on [void PracticeProblemTest.countLetterTest3()] must be declared with a non-empty value.
Feb 19, 2025 11:29:58 PM org.junit.jupiter.engine.descriptor.DisplayNameUtils determineDisplayName
WARNING: Configuration error: @DisplayName on [void PracticeProblemTest.countLetterTest4()] must be declared with a non-empty value.
Feb 19, 2025 11:29:58 PM org.junit.jupiter.engine.descriptor.DisplayNameUtils determineDisplayName
WARNING: Configuration error: @DisplayName on [void PracticeProblemTest.countLetterTest5()] must be declared with a non-empty value.
Feb 19, 2025 11:29:58 PM org.junit.jupiter.engine.descriptor.DisplayNameUtils determineDisplayName
WARNING: Configuration error: @DisplayName on [void PracticeProblemTest.countLetterTest6()] must be declared with a non-empty value.
Feb 19, 2025 11:29:58 PM org.junit.jupiter.engine.descriptor.DisplayNameUtils determineDisplayName
WARNING: Configuration error: @DisplayName on [void PracticeProblemTest.lettersToFiveTest1()] must be declared with a non-empty value.
Feb 19, 2025 11:29:58 PM org.junit.jupiter.engine.descriptor.DisplayNameUtils determineDisplayName
WARNING: Configuration error: @DisplayName on [void PracticeProblemTest.lettersToFiveTest3()] must be declared with a non-empty value.
Feb 19, 2025 11:29:58 PM org.junit.jupiter.engine.descriptor.DisplayNameUtils determineDisplayName
WARNING: Configuration error: @DisplayName on [void PracticeProblemTest.lettersToFiveTest4()] must be declared with a non-empty value.
Feb 19, 2025 11:29:58 PM org.junit.jupiter.engine.descriptor.DisplayNameUtils determineDisplayName
WARNING: Configuration error: @DisplayName on [void PracticeProblemTest.lettersToFiveTest5()] must be declared with a non-empty value.
]]></system-err>
  </testcase>
  <testcase name="oddSumTest2" classname="PracticeProblemTest" time="0.001">
    <failure message="Something weird happened" type="org.opentest4j.AssertionFailedError">org.opentest4j.AssertionFailedError: Something weird happened
	at PracticeProblemTest.oddSumTest2(PracticeProblemTest.java:214)
</failure>
  </testcase>
  <testcase name="oddSumTest3" classname="PracticeProblemTest" time="0.003">
    <failure message="Something weird happened" type="org.opentest4j.AssertionFailedError">org.opentest4j.AssertionFailedError: Something weird happened
	at PracticeProblemTest.oddSumTest3(PracticeProblemTest.java:233)
</failure>
  </testcase>
  <testcase name="oddSumTest4" classname="PracticeProblemTest" time="0.003">
    <failure message="Something weird happened" type="org.opentest4j.AssertionFailedError">org.opentest4j.AssertionFailedError: Something weird happened
	at PracticeProblemTest.oddSumTest4(PracticeProblemTest.java:252)
</failure>
  </testcase>
  <testcase name="oddSumTest5" classname="PracticeProblemTest" time="0.005">
    <failure message="Something weird happened" type="org.opentest4j.AssertionFailedError">org.opentest4j.AssertionFailedError: Something weird happened
	at PracticeProblemTest.oddSumTest5(PracticeProblemTest.java:271)
</failure>
  </testcase>
  <testcase name="oddSumTest6" classname="PracticeProblemTest" time="0.003">
    <failure message="Something weird happened" type="org.opentest4j.AssertionFailedError">org.opentest4j.AssertionFailedError: Something weird happened
	at PracticeProblemTest.oddSumTest6(PracticeProblemTest.java:290)
</failure>
  </testcase>
  <testcase name="oddSumTest7" classname="PracticeProblemTest" time="0.01">
    <failure message="Something weird happened" type="org.opentest4j.AssertionFailedError">org.opentest4j.AssertionFailedError: Something weird happened
	at PracticeProblemTest.oddSumTest7(PracticeProblemTest.java:366)
</failure>
  </testcase>
  <testcase name="oddSumTest8" classname="PracticeProblemTest" time="0.006">
    <failure message="Something weird happened" type="org.opentest4j.AssertionFailedError">org.opentest4j.AssertionFailedError: Something weird happened
	at PracticeProblemTest.oddSumTest8(PracticeProblemTest.java:385)
</failure>
  </testcase>
  <testcase name="oddSumTest9" classname="PracticeProblemTest" time="0">
    <failure message="Something weird happened" type="org.opentest4j.AssertionFailedError">org.opentest4j.AssertionFailedError: Something weird happened
	at PracticeProblemTest.oddSumTest9(PracticeProblemTest.java:404)
</failure>
  </testcase>
  <testcase name="oddSumTest10" classname="PracticeProblemTest" time="0.003">
    <failure message="Something weird happened" type="org.opentest4j.AssertionFailedError">org.opentest4j.AssertionFailedError: Something weird happened
	at PracticeProblemTest.oddSumTest10(PracticeProblemTest.java:22)
</failure>
  </testcase>
  <testcase name="letterToFiveTest2" classname="PracticeProblemTest" time="0.001">
    <failure message="Something weird happened" type="org.opentest4j.AssertionFailedError">org.opentest4j.AssertionFailedError: Something weird happened
	at PracticeProblemTest.letterToFiveTest2(PracticeProblemTest.java:62)
</failure>
  </testcase>
  <testcase name="countLetterTest1" classname="PracticeProblemTest" time="0.002">
    <failure message="Something weird happened" type="org.opentest4j.AssertionFailedError">org.opentest4j.AssertionFailedError: Something weird happened
	at PracticeProblemTest.countLetterTest1(PracticeProblemTest.java:81)
</failure>
  </testcase>
  <testcase name="countLetterTest2" classname="PracticeProblemTest" time="0">
    <failure message="Something weird happened" type="org.opentest4j.AssertionFailedError">org.opentest4j.AssertionFailedError: Something weird happened
	at PracticeProblemTest.countLetterTest2(PracticeProblemTest.java:100)
</failure>
  </testcase>
  <testcase name="countLetterTest3" classname="PracticeProblemTest" time="0.002">
    <failure message="Something weird happened" type="org.opentest4j.AssertionFailedError">org.opentest4j.AssertionFailedError: Something weird happened
	at PracticeProblemTest.countLetterTest3(PracticeProblemTest.java:119)
</failure>
  </testcase>
  <testcase name="countLetterTest4" classname="PracticeProblemTest" time="0.001">
    <failure message="Something weird happened" type="org.opentest4j.AssertionFailedError">org.opentest4j.AssertionFailedError: Something weird happened
	at PracticeProblemTest.countLetterTest4(PracticeProblemTest.java:138)
</failure>
  </testcase>
  <testcase name="countLetterTest5" classname="PracticeProblemTest" time="0.002">
    <failure message="Something weird happened" type="org.opentest4j.AssertionFailedError">org.opentest4j.AssertionFailedError: Something weird happened
	at PracticeProblemTest.countLetterTest5(PracticeProblemTest.java:157)
</failure>
  </testcase>
  <testcase name="countLetterTest6" classname="PracticeProblemTest" time="0.001">
    <failure message="Something weird happened" type="org.opentest4j.AssertionFailedError">org.opentest4j.AssertionFailedError: Something weird happened
	at PracticeProblemTest.countLetterTest6(PracticeProblemTest.java:176)
</failure>
  </testcase>
  <testcase name="lettersToFiveTest1" classname="PracticeProblemTest" time="0.002">
    <failure message="java.lang.NullPointerException" type="org.opentest4j.AssertionFailedError">org.opentest4j.AssertionFailedError: java.lang.NullPointerException
	at PracticeProblemTest.lettersToFiveTest1(PracticeProblemTest.java:41)
</failure>
  </testcase>
  <testcase name="lettersToFiveTest3" classname="PracticeProblemTest" time="0.002">
    <failure message="Something weird happened" type="org.opentest4j.AssertionFailedError">org.opentest4j.AssertionFailedError: Something weird happened
	at PracticeProblemTest.lettersToFiveTest3(PracticeProblemTest.java:347)
</failure>
  </testcase>
  <testcase name="lettersToFiveTest4" classname="PracticeProblemTest" time="0.001">
    <failure message="Something weird happened" type="org.opentest4j.AssertionFailedError">org.opentest4j.AssertionFailedError: Something weird happened
	at PracticeProblemTest.lettersToFiveTest4(PracticeProblemTest.java:328)
</failure>
  </testcase>
  <testcase name="lettersToFiveTest5" classname="PracticeProblemTest" time="0.001">
    <failure message="Something weird happened" type="org.opentest4j.AssertionFailedError">org.opentest4j.AssertionFailedError: Something weird happened
	at PracticeProblemTest.lettersToFiveTest5(PracticeProblemTest.java:309)
</failure>
  </testcase>
</testsuite>